<?xml version="1.0" encoding="UTF-8"?>
<testng-results skipped="0" failed="2" ignored="0" total="12" passed="10">
  <reporter-output>
    <line>
      <![CDATA[Launching Page URL]]>
    </line>
    <line>
      <![CDATA[Verify the Url is loaded successfully]]>
    </line>
    <line>
      <![CDATA[Verify Login page is displayed]]>
    </line>
    <line>
      <![CDATA[Successfully loaded the Page URL]]>
    </line>
    <line>
      <![CDATA[Before Test method passed]]>
    </line>
    <line>
      <![CDATA[Click on Anmelden or Registrieren link and verify page is opened]]>
    </line>
    <line>
      <![CDATA[<b>navigateToSignInSignUpPage method passed]]>
    </line>
    <line>
      <![CDATA[Verify login button is disbaled when no details is filled in sign up page]]>
    </line>
    <line>
      <![CDATA[Verify login button is only enabled after all the details in the page is filled]]>
    </line>
    <line>
      <![CDATA[Enter Vorname]]>
    </line>
    <line>
      <![CDATA[Enter Nachname]]>
    </line>
    <line>
      <![CDATA[Enter Email]]>
    </line>
    <line>
      <![CDATA[Enter Password]]>
    </line>
    <line>
      <![CDATA[Click on Check box]]>
    </line>
    <line>
      <![CDATA[Verify loginBtn is enabled]]>
    </line>
    <line>
      <![CDATA[Click on sign up button]]>
    </line>
    <line>
      <![CDATA[Verify login is successful if all valid data is entered]]>
    </line>
    <line>
      <![CDATA[<b>enterSignUpPageDetails method passed]]>
    </line>
    <line>
      <![CDATA[<b>TC01_SignUpWithCorrectAndUniqueData method passed]]>
    </line>
    <line>
      <![CDATA[Verify Anmelden or Sign in button is disabled when user email and password is not entered]]>
    </line>
    <line>
      <![CDATA[Enter Email]]>
    </line>
    <line>
      <![CDATA[Enter Password]]>
    </line>
    <line>
      <![CDATA[Verify Anmelden or Sign in button enabled]]>
    </line>
    <line>
      <![CDATA[Click on sign in button]]>
    </line>
    <line>
      <![CDATA[Verify login is successful if all valid data is entered]]>
    </line>
    <line>
      <![CDATA[<b>enterSignUpPageDetails method passed]]>
    </line>
    <line>
      <![CDATA[<b>TC02_SignInWithValidCredential method passed]]>
    </line>
    <line>
      <![CDATA[Verify Anmelden or Sign in button is disabled when user email and password is not entered]]>
    </line>
    <line>
      <![CDATA[Enter Email]]>
    </line>
    <line>
      <![CDATA[Enter Password]]>
    </line>
    <line>
      <![CDATA[Verify login is not successful if invalid data is entered and sign in button is disabled]]>
    </line>
    <line>
      <![CDATA[<b>enterSignUpPageDetails method passed]]>
    </line>
    <line>
      <![CDATA[Verify the field is highlighted red when invalid data is entered]]>
    </line>
    <line>
      <![CDATA[The field is not accepting invalid data , Verification PASSED]]>
    </line>
    <line>
      <![CDATA[<b>TC03_SignInWithInvalidEmailPasswd method passed]]>
    </line>
    <line>
      <![CDATA[Click on Anmelden or Registrieren link and verify page is opened]]>
    </line>
    <line>
      <![CDATA[<b>navigateToSignInSignUpPage method passed]]>
    </line>
    <line>
      <![CDATA[Verify login button is disbaled when no details is filled in sign up page]]>
    </line>
    <line>
      <![CDATA[Verify login button is only enabled after all the details in the page is filled]]>
    </line>
    <line>
      <![CDATA[Enter Vorname]]>
    </line>
    <line>
      <![CDATA[Enter Nachname]]>
    </line>
    <line>
      <![CDATA[Enter Email]]>
    </line>
    <line>
      <![CDATA[Enter Password]]>
    </line>
    <line>
      <![CDATA[Click on Check box]]>
    </line>
    <line>
      <![CDATA[Verify login button is disabled if invalid data is entered]]>
    </line>
    <line>
      <![CDATA[<b>enterSignUpPageDetails method failed]]>
    </line>
    <line>
      <![CDATA[Verify the field is highlighted red when invalid data is entered]]>
    </line>
    <line>
      <![CDATA[The field is accepting invalid data , Verification FAILED]]>
    </line>
    <line>
      <![CDATA[<b>TC04_SignUpWithInvalidData method failed]]>
    </line>
    <line>
      <![CDATA[Click on Anmelden or Registrieren link and verify page is opened]]>
    </line>
    <line>
      <![CDATA[Pzge is already opened verify the header]]>
    </line>
    <line>
      <![CDATA[<b>navigateToSignInSignUpPage method passed]]>
    </line>
    <line>
      <![CDATA[Verify login button is disbaled when no details is filled in sign up page]]>
    </line>
    <line>
      <![CDATA[Verify login button is only enabled after all the details in the page is filled]]>
    </line>
    <line>
      <![CDATA[Enter Vorname]]>
    </line>
    <line>
      <![CDATA[Enter Nachname]]>
    </line>
    <line>
      <![CDATA[Enter Email]]>
    </line>
    <line>
      <![CDATA[Enter Password]]>
    </line>
    <line>
      <![CDATA[Click on Check box]]>
    </line>
    <line>
      <![CDATA[Verify login button is disabled if invalid data is entered]]>
    </line>
    <line>
      <![CDATA[<b>enterSignUpPageDetails method passed]]>
    </line>
    <line>
      <![CDATA[Verify the field is highlighted red when invalid data is entered]]>
    </line>
    <line>
      <![CDATA[The field is not accepting invalid data , Verification PASSED]]>
    </line>
    <line>
      <![CDATA[<b>TC04_SignUpWithInvalidData method passed]]>
    </line>
    <line>
      <![CDATA[Click on Anmelden or Registrieren link and verify page is opened]]>
    </line>
    <line>
      <![CDATA[Pzge is already opened verify the header]]>
    </line>
    <line>
      <![CDATA[<b>navigateToSignInSignUpPage method passed]]>
    </line>
    <line>
      <![CDATA[Verify login button is disbaled when no details is filled in sign up page]]>
    </line>
    <line>
      <![CDATA[Verify login button is only enabled after all the details in the page is filled]]>
    </line>
    <line>
      <![CDATA[Enter Vorname]]>
    </line>
    <line>
      <![CDATA[Enter Nachname]]>
    </line>
    <line>
      <![CDATA[Enter Email]]>
    </line>
    <line>
      <![CDATA[Enter Password]]>
    </line>
    <line>
      <![CDATA[Click on Check box]]>
    </line>
    <line>
      <![CDATA[Verify login button is disabled if invalid data is entered]]>
    </line>
    <line>
      <![CDATA[<b>enterSignUpPageDetails method failed]]>
    </line>
    <line>
      <![CDATA[Verify the field is highlighted red when invalid data is entered]]>
    </line>
    <line>
      <![CDATA[The field is accepting invalid data , Verification FAILED]]>
    </line>
    <line>
      <![CDATA[<b>TC04_SignUpWithInvalidData method failed]]>
    </line>
    <line>
      <![CDATA[Click on Anmelden or Registrieren link and verify page is opened]]>
    </line>
    <line>
      <![CDATA[Pzge is already opened verify the header]]>
    </line>
    <line>
      <![CDATA[<b>navigateToSignInSignUpPage method passed]]>
    </line>
    <line>
      <![CDATA[Verify login button is disbaled when no details is filled in sign up page]]>
    </line>
    <line>
      <![CDATA[Verify login button is only enabled after all the details in the page is filled]]>
    </line>
    <line>
      <![CDATA[Enter Vorname]]>
    </line>
    <line>
      <![CDATA[Enter Nachname]]>
    </line>
    <line>
      <![CDATA[Enter Email]]>
    </line>
    <line>
      <![CDATA[Enter Password]]>
    </line>
    <line>
      <![CDATA[Click on Check box]]>
    </line>
    <line>
      <![CDATA[Verify login button is disabled if invalid data is entered]]>
    </line>
    <line>
      <![CDATA[<b>enterSignUpPageDetails method passed]]>
    </line>
    <line>
      <![CDATA[Verify the field is highlighted red when invalid data is entered]]>
    </line>
    <line>
      <![CDATA[The field is not accepting invalid data , Verification PASSED]]>
    </line>
    <line>
      <![CDATA[<b>TC04_SignUpWithInvalidData method passed]]>
    </line>
    <line>
      <![CDATA[Click on Anmelden or Registrieren link and verify page is opened]]>
    </line>
    <line>
      <![CDATA[Pzge is already opened verify the header]]>
    </line>
    <line>
      <![CDATA[<b>navigateToSignInSignUpPage method passed]]>
    </line>
    <line>
      <![CDATA[Verify login button is disbaled when no details is filled in sign up page]]>
    </line>
    <line>
      <![CDATA[Verify login button is only enabled after all the details in the page is filled]]>
    </line>
    <line>
      <![CDATA[Enter Vorname]]>
    </line>
    <line>
      <![CDATA[Enter Nachname]]>
    </line>
    <line>
      <![CDATA[Enter Email]]>
    </line>
    <line>
      <![CDATA[Enter Password]]>
    </line>
    <line>
      <![CDATA[Click on Check box]]>
    </line>
    <line>
      <![CDATA[Verify login button is disabled if invalid data is entered]]>
    </line>
    <line>
      <![CDATA[<b>enterSignUpPageDetails method passed]]>
    </line>
    <line>
      <![CDATA[Verify the field is highlighted red when invalid data is entered]]>
    </line>
    <line>
      <![CDATA[The field is not accepting invalid data , Verification PASSED]]>
    </line>
    <line>
      <![CDATA[<b>TC04_SignUpWithInvalidData method passed]]>
    </line>
    <line>
      <![CDATA[Click on Anmelden or Registrieren link and verify page is opened]]>
    </line>
    <line>
      <![CDATA[Pzge is already opened verify the header]]>
    </line>
    <line>
      <![CDATA[<b>navigateToSignInSignUpPage method passed]]>
    </line>
    <line>
      <![CDATA[Verify login button is disbaled when no details is filled in sign up page]]>
    </line>
    <line>
      <![CDATA[Verify login button is only enabled after all the details in the page is filled]]>
    </line>
    <line>
      <![CDATA[Enter Vorname]]>
    </line>
    <line>
      <![CDATA[Enter Nachname]]>
    </line>
    <line>
      <![CDATA[Enter Email]]>
    </line>
    <line>
      <![CDATA[Enter Password]]>
    </line>
    <line>
      <![CDATA[Click on Check box]]>
    </line>
    <line>
      <![CDATA[Verify login button is disabled if invalid data is entered]]>
    </line>
    <line>
      <![CDATA[<b>enterSignUpPageDetails method passed]]>
    </line>
    <line>
      <![CDATA[Verify the field is highlighted red when invalid data is entered]]>
    </line>
    <line>
      <![CDATA[The field is not accepting invalid data , Verification PASSED]]>
    </line>
    <line>
      <![CDATA[<b>TC04_SignUpWithInvalidData method passed]]>
    </line>
    <line>
      <![CDATA[Click on Anmelden or Registrieren link and verify page is opened]]>
    </line>
    <line>
      <![CDATA[Pzge is already opened verify the header]]>
    </line>
    <line>
      <![CDATA[<b>navigateToSignInSignUpPage method passed]]>
    </line>
    <line>
      <![CDATA[Verify login button is disbaled when no details is filled in sign up page]]>
    </line>
    <line>
      <![CDATA[Verify login button is only enabled after all the details in the page is filled]]>
    </line>
    <line>
      <![CDATA[Enter Vorname]]>
    </line>
    <line>
      <![CDATA[Enter Nachname]]>
    </line>
    <line>
      <![CDATA[Enter Email]]>
    </line>
    <line>
      <![CDATA[Enter Password]]>
    </line>
    <line>
      <![CDATA[Click on Check box]]>
    </line>
    <line>
      <![CDATA[Verify loginBtn is enabled]]>
    </line>
    <line>
      <![CDATA[Click on sign up button]]>
    </line>
    <line>
      <![CDATA[Verify error message is displayed when duplicate email id is entered]]>
    </line>
    <line>
      <![CDATA[<b>enterSignUpPageDetails method passed]]>
    </line>
    <line>
      <![CDATA[<b>TC05_SignUpWithDuplicateEmail method passed]]>
    </line>
    <line>
      <![CDATA[Click on Anmelden or Registrieren link and verify page is opened]]>
    </line>
    <line>
      <![CDATA[<b>navigateToSignInSignUpPage method passed]]>
    </line>
    <line>
      <![CDATA[Verify Anmelden or Sign in button is disabled when user email and password is not entered]]>
    </line>
    <line>
      <![CDATA[Enter Email]]>
    </line>
    <line>
      <![CDATA[Enter Password]]>
    </line>
    <line>
      <![CDATA[Verify Anmelden or Sign in button enabled]]>
    </line>
    <line>
      <![CDATA[Click on sign in button]]>
    </line>
    <line>
      <![CDATA[Verify error message is displayed when invalid data is entered]]>
    </line>
    <line>
      <![CDATA[<b>enterSignUpPageDetails method passed]]>
    </line>
    <line>
      <![CDATA[<b>TC06_SignInWithInvalidCredential method passed]]>
    </line>
    <line>
      <![CDATA[Click on Anmelden or Registrieren link and verify page is opened]]>
    </line>
    <line>
      <![CDATA[Pzge is already opened verify the header]]>
    </line>
    <line>
      <![CDATA[<b>navigateToSignInSignUpPage method passed]]>
    </line>
    <line>
      <![CDATA[Verify Anmelden or Sign in button is disabled when user email and password is not entered]]>
    </line>
    <line>
      <![CDATA[Enter Email]]>
    </line>
    <line>
      <![CDATA[Enter Password]]>
    </line>
    <line>
      <![CDATA[Verify Anmelden or Sign in button enabled]]>
    </line>
    <line>
      <![CDATA[Click on sign in button]]>
    </line>
    <line>
      <![CDATA[Verify error message is displayed when invalid data is entered]]>
    </line>
    <line>
      <![CDATA[<b>enterSignUpPageDetails method passed]]>
    </line>
    <line>
      <![CDATA[<b>TC06_SignInWithInvalidCredential method passed]]>
    </line>
  </reporter-output>
  <suite name="Default suite" duration-ms="99464" started-at="2020-02-06T20:10:57Z" finished-at="2020-02-06T20:12:37Z">
    <groups>
    </groups>
    <test name="Default test" duration-ms="99464" started-at="2020-02-06T20:10:57Z" finished-at="2020-02-06T20:12:37Z">
      <class name="com.coding.quoteDemo.TestPageTest">
        <test-method status="PASS" signature="beforeTest()[pri:0, instance:com.coding.quoteDemo.TestPageTest@ff5b51f]" name="beforeTest" is-config="true" duration-ms="23726" started-at="2020-02-06T20:10:57Z" finished-at="2020-02-06T20:11:21Z">
          <reporter-output>
            <line>
              <![CDATA[Launching Page URL]]>
            </line>
            <line>
              <![CDATA[Verify the Url is loaded successfully]]>
            </line>
            <line>
              <![CDATA[Verify Login page is displayed]]>
            </line>
            <line>
              <![CDATA[Successfully loaded the Page URL]]>
            </line>
            <line>
              <![CDATA[Before Test method passed]]>
            </line>
          </reporter-output>
        </test-method> <!-- beforeTest -->
        <test-method status="PASS" signature="TC01_SignUpWithCorrectAndUniqueData()[pri:1, instance:com.coding.quoteDemo.TestPageTest@ff5b51f]" name="TC01_SignUpWithCorrectAndUniqueData" duration-ms="6649" started-at="2020-02-06T20:11:21Z" finished-at="2020-02-06T20:11:28Z">
          <reporter-output>
            <line>
              <![CDATA[Click on Anmelden or Registrieren link and verify page is opened]]>
            </line>
            <line>
              <![CDATA[<b>navigateToSignInSignUpPage method passed]]>
            </line>
            <line>
              <![CDATA[Verify login button is disbaled when no details is filled in sign up page]]>
            </line>
            <line>
              <![CDATA[Verify login button is only enabled after all the details in the page is filled]]>
            </line>
            <line>
              <![CDATA[Enter Vorname]]>
            </line>
            <line>
              <![CDATA[Enter Nachname]]>
            </line>
            <line>
              <![CDATA[Enter Email]]>
            </line>
            <line>
              <![CDATA[Enter Password]]>
            </line>
            <line>
              <![CDATA[Click on Check box]]>
            </line>
            <line>
              <![CDATA[Verify loginBtn is enabled]]>
            </line>
            <line>
              <![CDATA[Click on sign up button]]>
            </line>
            <line>
              <![CDATA[Verify login is successful if all valid data is entered]]>
            </line>
            <line>
              <![CDATA[<b>enterSignUpPageDetails method passed]]>
            </line>
            <line>
              <![CDATA[<b>TC01_SignUpWithCorrectAndUniqueData method passed]]>
            </line>
          </reporter-output>
        </test-method> <!-- TC01_SignUpWithCorrectAndUniqueData -->
        <test-method status="PASS" signature="afterMethod()[pri:0, instance:com.coding.quoteDemo.TestPageTest@ff5b51f]" name="afterMethod" is-config="true" duration-ms="4508" started-at="2020-02-06T20:11:28Z" finished-at="2020-02-06T20:11:32Z">
          <reporter-output>
          </reporter-output>
        </test-method> <!-- afterMethod -->
        <test-method status="PASS" signature="TC02_SignInWithValidCredential()[pri:2, instance:com.coding.quoteDemo.TestPageTest@ff5b51f]" name="TC02_SignInWithValidCredential" duration-ms="5074" started-at="2020-02-06T20:11:32Z" finished-at="2020-02-06T20:11:37Z">
          <reporter-output>
            <line>
              <![CDATA[Verify Anmelden or Sign in button is disabled when user email and password is not entered]]>
            </line>
            <line>
              <![CDATA[Enter Email]]>
            </line>
            <line>
              <![CDATA[Enter Password]]>
            </line>
            <line>
              <![CDATA[Verify Anmelden or Sign in button enabled]]>
            </line>
            <line>
              <![CDATA[Click on sign in button]]>
            </line>
            <line>
              <![CDATA[Verify login is successful if all valid data is entered]]>
            </line>
            <line>
              <![CDATA[<b>enterSignUpPageDetails method passed]]>
            </line>
            <line>
              <![CDATA[<b>TC02_SignInWithValidCredential method passed]]>
            </line>
          </reporter-output>
        </test-method> <!-- TC02_SignInWithValidCredential -->
        <test-method status="PASS" signature="afterMethod()[pri:0, instance:com.coding.quoteDemo.TestPageTest@ff5b51f]" name="afterMethod" is-config="true" duration-ms="4438" started-at="2020-02-06T20:11:37Z" finished-at="2020-02-06T20:11:42Z">
          <reporter-output>
          </reporter-output>
        </test-method> <!-- afterMethod -->
        <test-method status="PASS" signature="TC03_SignInWithInvalidEmailPasswd()[pri:3, instance:com.coding.quoteDemo.TestPageTest@ff5b51f]" name="TC03_SignInWithInvalidEmailPasswd" duration-ms="372" started-at="2020-02-06T20:11:42Z" finished-at="2020-02-06T20:11:42Z">
          <reporter-output>
            <line>
              <![CDATA[Verify Anmelden or Sign in button is disabled when user email and password is not entered]]>
            </line>
            <line>
              <![CDATA[Enter Email]]>
            </line>
            <line>
              <![CDATA[Enter Password]]>
            </line>
            <line>
              <![CDATA[Verify login is not successful if invalid data is entered and sign in button is disabled]]>
            </line>
            <line>
              <![CDATA[<b>enterSignUpPageDetails method passed]]>
            </line>
            <line>
              <![CDATA[Verify the field is highlighted red when invalid data is entered]]>
            </line>
            <line>
              <![CDATA[The field is not accepting invalid data , Verification PASSED]]>
            </line>
            <line>
              <![CDATA[<b>TC03_SignInWithInvalidEmailPasswd method passed]]>
            </line>
          </reporter-output>
        </test-method> <!-- TC03_SignInWithInvalidEmailPasswd -->
        <test-method status="PASS" signature="afterMethod()[pri:0, instance:com.coding.quoteDemo.TestPageTest@ff5b51f]" name="afterMethod" is-config="true" duration-ms="3252" started-at="2020-02-06T20:11:42Z" finished-at="2020-02-06T20:11:46Z">
          <reporter-output>
          </reporter-output>
        </test-method> <!-- afterMethod -->
        <test-method status="FAIL" signature="TC04_SignUpWithInvalidData(java.lang.String, java.lang.String, java.lang.String, java.lang.String, java.lang.String)[pri:4, instance:com.coding.quoteDemo.TestPageTest@ff5b51f]" name="TC04_SignUpWithInvalidData" duration-ms="1333" started-at="2020-02-06T20:11:46Z" data-provider="SignUpValidation" finished-at="2020-02-06T20:11:47Z">
          <params>
            <param index="0">
              <value>
                <![CDATA[aa@]]>
              </value>
            </param>
            <param index="1">
              <value>
                <![CDATA[ValidNachname]]>
              </value>
            </param>
            <param index="2">
              <value>
                <![CDATA[ValidEmail@test.com]]>
              </value>
            </param>
            <param index="3">
              <value>
                <![CDATA[Valid@1234]]>
              </value>
            </param>
            <param index="4">
              <value>
                <![CDATA[//input[@id='firstName']]]>
              </value>
            </param>
          </params>
          <exception class="java.lang.AssertionError">
            <message>
              <![CDATA[null]]>
            </message>
            <full-stacktrace>
              <![CDATA[java.lang.AssertionError: null
at org.testng.Assert.fail(Assert.java:96)
at org.testng.Assert.fail(Assert.java:103)
at com.coding.quoteDemo.TestPageTest.TC04_SignUpWithInvalidData(TestPageTest.java:194)
at sun.reflect.NativeMethodAccessorImpl.invoke0(Native Method)
at sun.reflect.NativeMethodAccessorImpl.invoke(NativeMethodAccessorImpl.java:62)
at sun.reflect.DelegatingMethodAccessorImpl.invoke(DelegatingMethodAccessorImpl.java:43)
at java.lang.reflect.Method.invoke(Method.java:498)
at org.testng.internal.MethodInvocationHelper.invokeMethod(MethodInvocationHelper.java:124)
at org.testng.internal.Invoker.invokeMethod(Invoker.java:583)
at org.testng.internal.Invoker.invokeTestMethod(Invoker.java:719)
at org.testng.internal.Invoker.invokeTestMethods(Invoker.java:989)
at org.testng.internal.TestMethodWorker.invokeTestMethods(TestMethodWorker.java:125)
at org.testng.internal.TestMethodWorker.run(TestMethodWorker.java:109)
at org.testng.TestRunner.privateRun(TestRunner.java:648)
at org.testng.TestRunner.run(TestRunner.java:505)
at org.testng.SuiteRunner.runTest(SuiteRunner.java:455)
at org.testng.SuiteRunner.runSequentially(SuiteRunner.java:450)
at org.testng.SuiteRunner.privateRun(SuiteRunner.java:415)
at org.testng.SuiteRunner.run(SuiteRunner.java:364)
at org.testng.SuiteRunnerWorker.runSuite(SuiteRunnerWorker.java:52)
at org.testng.SuiteRunnerWorker.run(SuiteRunnerWorker.java:84)
at org.testng.TestNG.runSuitesSequentially(TestNG.java:1208)
at org.testng.TestNG.runSuitesLocally(TestNG.java:1137)
at org.testng.TestNG.runSuites(TestNG.java:1049)
at org.testng.TestNG.run(TestNG.java:1017)
at org.testng.remote.AbstractRemoteTestNG.run(AbstractRemoteTestNG.java:115)
at org.testng.remote.RemoteTestNG.initAndRun(RemoteTestNG.java:251)
at org.testng.remote.RemoteTestNG.main(RemoteTestNG.java:77)
]]>
            </full-stacktrace>
          </exception> <!-- java.lang.AssertionError -->
          <reporter-output>
            <line>
              <![CDATA[Click on Anmelden or Registrieren link and verify page is opened]]>
            </line>
            <line>
              <![CDATA[<b>navigateToSignInSignUpPage method passed]]>
            </line>
            <line>
              <![CDATA[Verify login button is disbaled when no details is filled in sign up page]]>
            </line>
            <line>
              <![CDATA[Verify login button is only enabled after all the details in the page is filled]]>
            </line>
            <line>
              <![CDATA[Enter Vorname]]>
            </line>
            <line>
              <![CDATA[Enter Nachname]]>
            </line>
            <line>
              <![CDATA[Enter Email]]>
            </line>
            <line>
              <![CDATA[Enter Password]]>
            </line>
            <line>
              <![CDATA[Click on Check box]]>
            </line>
            <line>
              <![CDATA[Verify login button is disabled if invalid data is entered]]>
            </line>
            <line>
              <![CDATA[<b>enterSignUpPageDetails method failed]]>
            </line>
            <line>
              <![CDATA[Verify the field is highlighted red when invalid data is entered]]>
            </line>
            <line>
              <![CDATA[The field is accepting invalid data , Verification FAILED]]>
            </line>
            <line>
              <![CDATA[<b>TC04_SignUpWithInvalidData method failed]]>
            </line>
          </reporter-output>
        </test-method> <!-- TC04_SignUpWithInvalidData -->
        <test-method status="PASS" signature="afterMethod()[pri:0, instance:com.coding.quoteDemo.TestPageTest@ff5b51f]" name="afterMethod" is-config="true" duration-ms="3373" started-at="2020-02-06T20:11:47Z" finished-at="2020-02-06T20:11:50Z">
          <reporter-output>
          </reporter-output>
        </test-method> <!-- afterMethod -->
        <test-method status="PASS" signature="TC04_SignUpWithInvalidData(java.lang.String, java.lang.String, java.lang.String, java.lang.String, java.lang.String)[pri:4, instance:com.coding.quoteDemo.TestPageTest@ff5b51f]" name="TC04_SignUpWithInvalidData" duration-ms="789" started-at="2020-02-06T20:11:50Z" data-provider="SignUpValidation" finished-at="2020-02-06T20:11:51Z">
          <params>
            <param index="0">
              <value>
                <![CDATA[1234]]>
              </value>
            </param>
            <param index="1">
              <value>
                <![CDATA[ValidNachname]]>
              </value>
            </param>
            <param index="2">
              <value>
                <![CDATA[ValidEmail@test.com]]>
              </value>
            </param>
            <param index="3">
              <value>
                <![CDATA[Valid@1234]]>
              </value>
            </param>
            <param index="4">
              <value>
                <![CDATA[//input[@id='firstName']]]>
              </value>
            </param>
          </params>
          <reporter-output>
            <line>
              <![CDATA[Click on Anmelden or Registrieren link and verify page is opened]]>
            </line>
            <line>
              <![CDATA[Pzge is already opened verify the header]]>
            </line>
            <line>
              <![CDATA[<b>navigateToSignInSignUpPage method passed]]>
            </line>
            <line>
              <![CDATA[Verify login button is disbaled when no details is filled in sign up page]]>
            </line>
            <line>
              <![CDATA[Verify login button is only enabled after all the details in the page is filled]]>
            </line>
            <line>
              <![CDATA[Enter Vorname]]>
            </line>
            <line>
              <![CDATA[Enter Nachname]]>
            </line>
            <line>
              <![CDATA[Enter Email]]>
            </line>
            <line>
              <![CDATA[Enter Password]]>
            </line>
            <line>
              <![CDATA[Click on Check box]]>
            </line>
            <line>
              <![CDATA[Verify login button is disabled if invalid data is entered]]>
            </line>
            <line>
              <![CDATA[<b>enterSignUpPageDetails method passed]]>
            </line>
            <line>
              <![CDATA[Verify the field is highlighted red when invalid data is entered]]>
            </line>
            <line>
              <![CDATA[The field is not accepting invalid data , Verification PASSED]]>
            </line>
            <line>
              <![CDATA[<b>TC04_SignUpWithInvalidData method passed]]>
            </line>
          </reporter-output>
        </test-method> <!-- TC04_SignUpWithInvalidData -->
        <test-method status="PASS" signature="afterMethod()[pri:0, instance:com.coding.quoteDemo.TestPageTest@ff5b51f]" name="afterMethod" is-config="true" duration-ms="3325" started-at="2020-02-06T20:11:51Z" finished-at="2020-02-06T20:11:54Z">
          <reporter-output>
          </reporter-output>
        </test-method> <!-- afterMethod -->
        <test-method status="FAIL" signature="TC04_SignUpWithInvalidData(java.lang.String, java.lang.String, java.lang.String, java.lang.String, java.lang.String)[pri:4, instance:com.coding.quoteDemo.TestPageTest@ff5b51f]" name="TC04_SignUpWithInvalidData" duration-ms="768" started-at="2020-02-06T20:11:54Z" data-provider="SignUpValidation" finished-at="2020-02-06T20:11:55Z">
          <params>
            <param index="0">
              <value>
                <![CDATA[ValidName]]>
              </value>
            </param>
            <param index="1">
              <value>
                <![CDATA[aa@]]>
              </value>
            </param>
            <param index="2">
              <value>
                <![CDATA[ValidEmail@test.com]]>
              </value>
            </param>
            <param index="3">
              <value>
                <![CDATA[Valid@1234]]>
              </value>
            </param>
            <param index="4">
              <value>
                <![CDATA[//input[@id='lastName']]]>
              </value>
            </param>
          </params>
          <exception class="java.lang.AssertionError">
            <message>
              <![CDATA[null]]>
            </message>
            <full-stacktrace>
              <![CDATA[java.lang.AssertionError: null
at org.testng.Assert.fail(Assert.java:96)
at org.testng.Assert.fail(Assert.java:103)
at com.coding.quoteDemo.TestPageTest.TC04_SignUpWithInvalidData(TestPageTest.java:194)
at sun.reflect.NativeMethodAccessorImpl.invoke0(Native Method)
at sun.reflect.NativeMethodAccessorImpl.invoke(NativeMethodAccessorImpl.java:62)
at sun.reflect.DelegatingMethodAccessorImpl.invoke(DelegatingMethodAccessorImpl.java:43)
at java.lang.reflect.Method.invoke(Method.java:498)
at org.testng.internal.MethodInvocationHelper.invokeMethod(MethodInvocationHelper.java:124)
at org.testng.internal.Invoker.invokeMethod(Invoker.java:583)
at org.testng.internal.Invoker.invokeTestMethod(Invoker.java:719)
at org.testng.internal.Invoker.invokeTestMethods(Invoker.java:989)
at org.testng.internal.TestMethodWorker.invokeTestMethods(TestMethodWorker.java:125)
at org.testng.internal.TestMethodWorker.run(TestMethodWorker.java:109)
at org.testng.TestRunner.privateRun(TestRunner.java:648)
at org.testng.TestRunner.run(TestRunner.java:505)
at org.testng.SuiteRunner.runTest(SuiteRunner.java:455)
at org.testng.SuiteRunner.runSequentially(SuiteRunner.java:450)
at org.testng.SuiteRunner.privateRun(SuiteRunner.java:415)
at org.testng.SuiteRunner.run(SuiteRunner.java:364)
at org.testng.SuiteRunnerWorker.runSuite(SuiteRunnerWorker.java:52)
at org.testng.SuiteRunnerWorker.run(SuiteRunnerWorker.java:84)
at org.testng.TestNG.runSuitesSequentially(TestNG.java:1208)
at org.testng.TestNG.runSuitesLocally(TestNG.java:1137)
at org.testng.TestNG.runSuites(TestNG.java:1049)
at org.testng.TestNG.run(TestNG.java:1017)
at org.testng.remote.AbstractRemoteTestNG.run(AbstractRemoteTestNG.java:115)
at org.testng.remote.RemoteTestNG.initAndRun(RemoteTestNG.java:251)
at org.testng.remote.RemoteTestNG.main(RemoteTestNG.java:77)
]]>
            </full-stacktrace>
          </exception> <!-- java.lang.AssertionError -->
          <reporter-output>
            <line>
              <![CDATA[Click on Anmelden or Registrieren link and verify page is opened]]>
            </line>
            <line>
              <![CDATA[Pzge is already opened verify the header]]>
            </line>
            <line>
              <![CDATA[<b>navigateToSignInSignUpPage method passed]]>
            </line>
            <line>
              <![CDATA[Verify login button is disbaled when no details is filled in sign up page]]>
            </line>
            <line>
              <![CDATA[Verify login button is only enabled after all the details in the page is filled]]>
            </line>
            <line>
              <![CDATA[Enter Vorname]]>
            </line>
            <line>
              <![CDATA[Enter Nachname]]>
            </line>
            <line>
              <![CDATA[Enter Email]]>
            </line>
            <line>
              <![CDATA[Enter Password]]>
            </line>
            <line>
              <![CDATA[Click on Check box]]>
            </line>
            <line>
              <![CDATA[Verify login button is disabled if invalid data is entered]]>
            </line>
            <line>
              <![CDATA[<b>enterSignUpPageDetails method failed]]>
            </line>
            <line>
              <![CDATA[Verify the field is highlighted red when invalid data is entered]]>
            </line>
            <line>
              <![CDATA[The field is accepting invalid data , Verification FAILED]]>
            </line>
            <line>
              <![CDATA[<b>TC04_SignUpWithInvalidData method failed]]>
            </line>
          </reporter-output>
        </test-method> <!-- TC04_SignUpWithInvalidData -->
        <test-method status="PASS" signature="afterMethod()[pri:0, instance:com.coding.quoteDemo.TestPageTest@ff5b51f]" name="afterMethod" is-config="true" duration-ms="3232" started-at="2020-02-06T20:11:55Z" finished-at="2020-02-06T20:11:58Z">
          <reporter-output>
          </reporter-output>
        </test-method> <!-- afterMethod -->
        <test-method status="PASS" signature="TC04_SignUpWithInvalidData(java.lang.String, java.lang.String, java.lang.String, java.lang.String, java.lang.String)[pri:4, instance:com.coding.quoteDemo.TestPageTest@ff5b51f]" name="TC04_SignUpWithInvalidData" duration-ms="787" started-at="2020-02-06T20:11:58Z" data-provider="SignUpValidation" finished-at="2020-02-06T20:11:59Z">
          <params>
            <param index="0">
              <value>
                <![CDATA[ValidName]]>
              </value>
            </param>
            <param index="1">
              <value>
                <![CDATA[1234]]>
              </value>
            </param>
            <param index="2">
              <value>
                <![CDATA[ValidEmail@test.com]]>
              </value>
            </param>
            <param index="3">
              <value>
                <![CDATA[Valid@1234]]>
              </value>
            </param>
            <param index="4">
              <value>
                <![CDATA[//input[@id='lastName']]]>
              </value>
            </param>
          </params>
          <reporter-output>
            <line>
              <![CDATA[Click on Anmelden or Registrieren link and verify page is opened]]>
            </line>
            <line>
              <![CDATA[Pzge is already opened verify the header]]>
            </line>
            <line>
              <![CDATA[<b>navigateToSignInSignUpPage method passed]]>
            </line>
            <line>
              <![CDATA[Verify login button is disbaled when no details is filled in sign up page]]>
            </line>
            <line>
              <![CDATA[Verify login button is only enabled after all the details in the page is filled]]>
            </line>
            <line>
              <![CDATA[Enter Vorname]]>
            </line>
            <line>
              <![CDATA[Enter Nachname]]>
            </line>
            <line>
              <![CDATA[Enter Email]]>
            </line>
            <line>
              <![CDATA[Enter Password]]>
            </line>
            <line>
              <![CDATA[Click on Check box]]>
            </line>
            <line>
              <![CDATA[Verify login button is disabled if invalid data is entered]]>
            </line>
            <line>
              <![CDATA[<b>enterSignUpPageDetails method passed]]>
            </line>
            <line>
              <![CDATA[Verify the field is highlighted red when invalid data is entered]]>
            </line>
            <line>
              <![CDATA[The field is not accepting invalid data , Verification PASSED]]>
            </line>
            <line>
              <![CDATA[<b>TC04_SignUpWithInvalidData method passed]]>
            </line>
          </reporter-output>
        </test-method> <!-- TC04_SignUpWithInvalidData -->
        <test-method status="PASS" signature="afterMethod()[pri:0, instance:com.coding.quoteDemo.TestPageTest@ff5b51f]" name="afterMethod" is-config="true" duration-ms="3239" started-at="2020-02-06T20:11:59Z" finished-at="2020-02-06T20:12:02Z">
          <reporter-output>
          </reporter-output>
        </test-method> <!-- afterMethod -->
        <test-method status="PASS" signature="TC04_SignUpWithInvalidData(java.lang.String, java.lang.String, java.lang.String, java.lang.String, java.lang.String)[pri:4, instance:com.coding.quoteDemo.TestPageTest@ff5b51f]" name="TC04_SignUpWithInvalidData" duration-ms="812" started-at="2020-02-06T20:12:02Z" data-provider="SignUpValidation" finished-at="2020-02-06T20:12:03Z">
          <params>
            <param index="0">
              <value>
                <![CDATA[ValidName]]>
              </value>
            </param>
            <param index="1">
              <value>
                <![CDATA[ValidNachname]]>
              </value>
            </param>
            <param index="2">
              <value>
                <![CDATA[InvalidEmail.com]]>
              </value>
            </param>
            <param index="3">
              <value>
                <![CDATA[Valid@1234]]>
              </value>
            </param>
            <param index="4">
              <value>
                <![CDATA[//input[@id='email']]]>
              </value>
            </param>
          </params>
          <reporter-output>
            <line>
              <![CDATA[Click on Anmelden or Registrieren link and verify page is opened]]>
            </line>
            <line>
              <![CDATA[Pzge is already opened verify the header]]>
            </line>
            <line>
              <![CDATA[<b>navigateToSignInSignUpPage method passed]]>
            </line>
            <line>
              <![CDATA[Verify login button is disbaled when no details is filled in sign up page]]>
            </line>
            <line>
              <![CDATA[Verify login button is only enabled after all the details in the page is filled]]>
            </line>
            <line>
              <![CDATA[Enter Vorname]]>
            </line>
            <line>
              <![CDATA[Enter Nachname]]>
            </line>
            <line>
              <![CDATA[Enter Email]]>
            </line>
            <line>
              <![CDATA[Enter Password]]>
            </line>
            <line>
              <![CDATA[Click on Check box]]>
            </line>
            <line>
              <![CDATA[Verify login button is disabled if invalid data is entered]]>
            </line>
            <line>
              <![CDATA[<b>enterSignUpPageDetails method passed]]>
            </line>
            <line>
              <![CDATA[Verify the field is highlighted red when invalid data is entered]]>
            </line>
            <line>
              <![CDATA[The field is not accepting invalid data , Verification PASSED]]>
            </line>
            <line>
              <![CDATA[<b>TC04_SignUpWithInvalidData method passed]]>
            </line>
          </reporter-output>
        </test-method> <!-- TC04_SignUpWithInvalidData -->
        <test-method status="PASS" signature="afterMethod()[pri:0, instance:com.coding.quoteDemo.TestPageTest@ff5b51f]" name="afterMethod" is-config="true" duration-ms="3979" started-at="2020-02-06T20:12:03Z" finished-at="2020-02-06T20:12:07Z">
          <reporter-output>
          </reporter-output>
        </test-method> <!-- afterMethod -->
        <test-method status="PASS" signature="TC04_SignUpWithInvalidData(java.lang.String, java.lang.String, java.lang.String, java.lang.String, java.lang.String)[pri:4, instance:com.coding.quoteDemo.TestPageTest@ff5b51f]" name="TC04_SignUpWithInvalidData" duration-ms="836" started-at="2020-02-06T20:12:07Z" data-provider="SignUpValidation" finished-at="2020-02-06T20:12:08Z">
          <params>
            <param index="0">
              <value>
                <![CDATA[ValidName]]>
              </value>
            </param>
            <param index="1">
              <value>
                <![CDATA[ValidNachname]]>
              </value>
            </param>
            <param index="2">
              <value>
                <![CDATA[ValidEmail@test.com]]>
              </value>
            </param>
            <param index="3">
              <value>
                <![CDATA[InvalidEmail.com]]>
              </value>
            </param>
            <param index="4">
              <value>
                <![CDATA[//input[@id='password']]]>
              </value>
            </param>
          </params>
          <reporter-output>
            <line>
              <![CDATA[Click on Anmelden or Registrieren link and verify page is opened]]>
            </line>
            <line>
              <![CDATA[Pzge is already opened verify the header]]>
            </line>
            <line>
              <![CDATA[<b>navigateToSignInSignUpPage method passed]]>
            </line>
            <line>
              <![CDATA[Verify login button is disbaled when no details is filled in sign up page]]>
            </line>
            <line>
              <![CDATA[Verify login button is only enabled after all the details in the page is filled]]>
            </line>
            <line>
              <![CDATA[Enter Vorname]]>
            </line>
            <line>
              <![CDATA[Enter Nachname]]>
            </line>
            <line>
              <![CDATA[Enter Email]]>
            </line>
            <line>
              <![CDATA[Enter Password]]>
            </line>
            <line>
              <![CDATA[Click on Check box]]>
            </line>
            <line>
              <![CDATA[Verify login button is disabled if invalid data is entered]]>
            </line>
            <line>
              <![CDATA[<b>enterSignUpPageDetails method passed]]>
            </line>
            <line>
              <![CDATA[Verify the field is highlighted red when invalid data is entered]]>
            </line>
            <line>
              <![CDATA[The field is not accepting invalid data , Verification PASSED]]>
            </line>
            <line>
              <![CDATA[<b>TC04_SignUpWithInvalidData method passed]]>
            </line>
          </reporter-output>
        </test-method> <!-- TC04_SignUpWithInvalidData -->
        <test-method status="PASS" signature="afterMethod()[pri:0, instance:com.coding.quoteDemo.TestPageTest@ff5b51f]" name="afterMethod" is-config="true" duration-ms="4400" started-at="2020-02-06T20:12:08Z" finished-at="2020-02-06T20:12:12Z">
          <reporter-output>
          </reporter-output>
        </test-method> <!-- afterMethod -->
        <test-method status="PASS" signature="TC05_SignUpWithDuplicateEmail()[pri:5, instance:com.coding.quoteDemo.TestPageTest@ff5b51f]" name="TC05_SignUpWithDuplicateEmail" duration-ms="4517" started-at="2020-02-06T20:12:12Z" finished-at="2020-02-06T20:12:17Z">
          <reporter-output>
            <line>
              <![CDATA[Click on Anmelden or Registrieren link and verify page is opened]]>
            </line>
            <line>
              <![CDATA[Pzge is already opened verify the header]]>
            </line>
            <line>
              <![CDATA[<b>navigateToSignInSignUpPage method passed]]>
            </line>
            <line>
              <![CDATA[Verify login button is disbaled when no details is filled in sign up page]]>
            </line>
            <line>
              <![CDATA[Verify login button is only enabled after all the details in the page is filled]]>
            </line>
            <line>
              <![CDATA[Enter Vorname]]>
            </line>
            <line>
              <![CDATA[Enter Nachname]]>
            </line>
            <line>
              <![CDATA[Enter Email]]>
            </line>
            <line>
              <![CDATA[Enter Password]]>
            </line>
            <line>
              <![CDATA[Click on Check box]]>
            </line>
            <line>
              <![CDATA[Verify loginBtn is enabled]]>
            </line>
            <line>
              <![CDATA[Click on sign up button]]>
            </line>
            <line>
              <![CDATA[Verify error message is displayed when duplicate email id is entered]]>
            </line>
            <line>
              <![CDATA[<b>enterSignUpPageDetails method passed]]>
            </line>
            <line>
              <![CDATA[<b>TC05_SignUpWithDuplicateEmail method passed]]>
            </line>
          </reporter-output>
        </test-method> <!-- TC05_SignUpWithDuplicateEmail -->
        <test-method status="PASS" signature="afterMethod()[pri:0, instance:com.coding.quoteDemo.TestPageTest@ff5b51f]" name="afterMethod" is-config="true" duration-ms="3794" started-at="2020-02-06T20:12:17Z" finished-at="2020-02-06T20:12:21Z">
          <reporter-output>
          </reporter-output>
        </test-method> <!-- afterMethod -->
        <test-method status="PASS" signature="TC06_SignInWithInvalidCredential(java.lang.String, java.lang.String)[pri:6, instance:com.coding.quoteDemo.TestPageTest@ff5b51f]" name="TC06_SignInWithInvalidCredential" duration-ms="4561" started-at="2020-02-06T20:12:21Z" data-provider="EmailPasswdValidation" finished-at="2020-02-06T20:12:25Z">
          <params>
            <param index="0">
              <value>
                <![CDATA[VoaAyW@test.com]]>
              </value>
            </param>
            <param index="1">
              <value>
                <![CDATA[InvalidPasswd]]>
              </value>
            </param>
          </params>
          <reporter-output>
            <line>
              <![CDATA[Click on Anmelden or Registrieren link and verify page is opened]]>
            </line>
            <line>
              <![CDATA[<b>navigateToSignInSignUpPage method passed]]>
            </line>
            <line>
              <![CDATA[Verify Anmelden or Sign in button is disabled when user email and password is not entered]]>
            </line>
            <line>
              <![CDATA[Enter Email]]>
            </line>
            <line>
              <![CDATA[Enter Password]]>
            </line>
            <line>
              <![CDATA[Verify Anmelden or Sign in button enabled]]>
            </line>
            <line>
              <![CDATA[Click on sign in button]]>
            </line>
            <line>
              <![CDATA[Verify error message is displayed when invalid data is entered]]>
            </line>
            <line>
              <![CDATA[<b>enterSignUpPageDetails method passed]]>
            </line>
            <line>
              <![CDATA[<b>TC06_SignInWithInvalidCredential method passed]]>
            </line>
          </reporter-output>
        </test-method> <!-- TC06_SignInWithInvalidCredential -->
        <test-method status="PASS" signature="afterMethod()[pri:0, instance:com.coding.quoteDemo.TestPageTest@ff5b51f]" name="afterMethod" is-config="true" duration-ms="3850" started-at="2020-02-06T20:12:25Z" finished-at="2020-02-06T20:12:29Z">
          <reporter-output>
          </reporter-output>
        </test-method> <!-- afterMethod -->
        <test-method status="PASS" signature="TC06_SignInWithInvalidCredential(java.lang.String, java.lang.String)[pri:6, instance:com.coding.quoteDemo.TestPageTest@ff5b51f]" name="TC06_SignInWithInvalidCredential" duration-ms="4127" started-at="2020-02-06T20:12:29Z" data-provider="EmailPasswdValidation" finished-at="2020-02-06T20:12:33Z">
          <params>
            <param index="0">
              <value>
                <![CDATA[InvalidEmail@test.com]]>
              </value>
            </param>
            <param index="1">
              <value>
                <![CDATA[DfBSqU@323]]>
              </value>
            </param>
          </params>
          <reporter-output>
            <line>
              <![CDATA[Click on Anmelden or Registrieren link and verify page is opened]]>
            </line>
            <line>
              <![CDATA[Pzge is already opened verify the header]]>
            </line>
            <line>
              <![CDATA[<b>navigateToSignInSignUpPage method passed]]>
            </line>
            <line>
              <![CDATA[Verify Anmelden or Sign in button is disabled when user email and password is not entered]]>
            </line>
            <line>
              <![CDATA[Enter Email]]>
            </line>
            <line>
              <![CDATA[Enter Password]]>
            </line>
            <line>
              <![CDATA[Verify Anmelden or Sign in button enabled]]>
            </line>
            <line>
              <![CDATA[Click on sign in button]]>
            </line>
            <line>
              <![CDATA[Verify error message is displayed when invalid data is entered]]>
            </line>
            <line>
              <![CDATA[<b>enterSignUpPageDetails method passed]]>
            </line>
            <line>
              <![CDATA[<b>TC06_SignInWithInvalidCredential method passed]]>
            </line>
          </reporter-output>
        </test-method> <!-- TC06_SignInWithInvalidCredential -->
        <test-method status="PASS" signature="afterMethod()[pri:0, instance:com.coding.quoteDemo.TestPageTest@ff5b51f]" name="afterMethod" is-config="true" duration-ms="3512" started-at="2020-02-06T20:12:33Z" finished-at="2020-02-06T20:12:37Z">
          <reporter-output>
          </reporter-output>
        </test-method> <!-- afterMethod -->
        <test-method status="PASS" signature="closeDriver()[pri:0, instance:com.coding.quoteDemo.TestPageTest@ff5b51f]" name="closeDriver" is-config="true" duration-ms="166" started-at="2020-02-06T20:12:37Z" finished-at="2020-02-06T20:12:37Z">
          <reporter-output>
          </reporter-output>
        </test-method> <!-- closeDriver -->
      </class> <!-- com.coding.quoteDemo.TestPageTest -->
    </test> <!-- Default test -->
  </suite> <!-- Default suite -->
</testng-results>
